Build started 6/25/2016 4:13:27 PM.
     1>Project "c:\Users\JimClark\Documents\GitHub\ClimLibSDK\Dependencies\Source\SDL\build\SDL2-static.vcxproj" on node 3 (Build target(s)).
     1>CustomBuild:
         Building Custom Rule C:/Users/JimClark/Documents/GitHub/ClimLibSDK/Dependencies/Source/SDL/CMakeLists.txt
         CMake does not need to re-run because C:\Users\JimClark\Documents\GitHub\ClimLibSDK\Dependencies\Source\SDL\build\CMakeFiles\generate.stamp is up-to-date.
       ClCompile:
         C:\Program Files (x86)\Microsoft Visual Studio 12.0\VC\bin\CL.exe /c /IC:\Users\JimClark\Documents\GitHub\ClimLibSDK\Dependencies\Source\SDL\build\include /IC:\Users\JimClark\Documents\GitHub\ClimLibSDK\Dependencies\Source\SDL\include /Zi /nologo /W3 /WX- /Od /Ob0 /Oy- /D WIN32 /D _WINDOWS /D _DEBUG /D USING_GENERATED_CONFIG_H /D "CMAKE_INTDIR=\"Debug\"" /D _MBCS /Gm- /MDd /GS- /arch:SSE /fp:precise /Zc:wchar_t /Zc:forScope /Fo"SDL2-static.dir\Debug\\" /Fd"SDL2-static.dir\Debug\vc120.pdb" /Gd /TC /analyze- /errorReport:prompt C:\Users\JimClark\Documents\GitHub\ClimLibSDK\Dependencies\Source\SDL\src\SDL.c C:\Users\JimClark\Documents\GitHub\ClimLibSDK\Dependencies\Source\SDL\src\SDL_assert.c C:\Users\JimClark\Documents\GitHub\ClimLibSDK\Dependencies\Source\SDL\src\SDL_error.c C:\Users\JimClark\Documents\GitHub\ClimLibSDK\Dependencies\Source\SDL\src\SDL_hints.c C:\Users\JimClark\Documents\GitHub\ClimLibSDK\Dependencies\Source\SDL\src\SDL_log.c C:\Users\JimClark\Documents\GitHub\ClimLibSDK\Dependencies\Source\SDL\src\atomic\SDL_atomic.c C:\Users\JimClark\Documents\GitHub\ClimLibSDK\Dependencies\Source\SDL\src\atomic\SDL_spinlock.c C:\Users\JimClark\Documents\GitHub\ClimLibSDK\Dependencies\Source\SDL\src\audio\SDL_audio.c C:\Users\JimClark\Documents\GitHub\ClimLibSDK\Dependencies\Source\SDL\src\audio\SDL_audiocvt.c C:\Users\JimClark\Documents\GitHub\ClimLibSDK\Dependencies\Source\SDL\src\audio\SDL_audiodev.c C:\Users\JimClark\Documents\GitHub\ClimLibSDK\Dependencies\Source\SDL\src\audio\SDL_audiotypecvt.c C:\Users\JimClark\Documents\GitHub\ClimLibSDK\Dependencies\Source\SDL\src\audio\SDL_mixer.c C:\Users\JimClark\Documents\GitHub\ClimLibSDK\Dependencies\Source\SDL\src\audio\SDL_wave.c C:\Users\JimClark\Documents\GitHub\ClimLibSDK\Dependencies\Source\SDL\src\cpuinfo\SDL_cpuinfo.c C:\Users\JimClark\Documents\GitHub\ClimLibSDK\Dependencies\Source\SDL\src\dynapi\SDL_dynapi.c C:\Users\JimClark\Documents\GitHub\ClimLibSDK\Dependencies\Source\SDL\src\events\SDL_clipboardevents.c C:\Users\JimClark\Documents\GitHub\ClimLibSDK\Dependencies\Source\SDL\src\events\SDL_dropevents.c C:\Users\JimClark\Documents\GitHub\ClimLibSDK\Dependencies\Source\SDL\src\events\SDL_events.c C:\Users\JimClark\Documents\GitHub\ClimLibSDK\Dependencies\Source\SDL\src\events\SDL_gesture.c C:\Users\JimClark\Documents\GitHub\ClimLibSDK\Dependencies\Source\SDL\src\events\SDL_keyboard.c C:\Users\JimClark\Documents\GitHub\ClimLibSDK\Dependencies\Source\SDL\src\events\SDL_mouse.c C:\Users\JimClark\Documents\GitHub\ClimLibSDK\Dependencies\Source\SDL\src\events\SDL_quit.c C:\Users\JimClark\Documents\GitHub\ClimLibSDK\Dependencies\Source\SDL\src\events\SDL_touch.c C:\Users\JimClark\Documents\GitHub\ClimLibSDK\Dependencies\Source\SDL\src\events\SDL_windowevents.c C:\Users\JimClark\Documents\GitHub\ClimLibSDK\Dependencies\Source\SDL\src\file\SDL_rwops.c C:\Users\JimClark\Documents\GitHub\ClimLibSDK\Dependencies\Source\SDL\src\libm\e_atan2.c C:\Users\JimClark\Documents\GitHub\ClimLibSDK\Dependencies\Source\SDL\src\libm\e_log.c C:\Users\JimClark\Documents\GitHub\ClimLibSDK\Dependencies\Source\SDL\src\libm\e_pow.c C:\Users\JimClark\Documents\GitHub\ClimLibSDK\Dependencies\Source\SDL\src\libm\e_rem_pio2.c C:\Users\JimClark\Documents\GitHub\ClimLibSDK\Dependencies\Source\SDL\src\libm\e_sqrt.c C:\Users\JimClark\Documents\GitHub\ClimLibSDK\Dependencies\Source\SDL\src\libm\k_cos.c C:\Users\JimClark\Documents\GitHub\ClimLibSDK\Dependencies\Source\SDL\src\libm\k_rem_pio2.c C:\Users\JimClark\Documents\GitHub\ClimLibSDK\Dependencies\Source\SDL\src\libm\k_sin.c C:\Users\JimClark\Documents\GitHub\ClimLibSDK\Dependencies\Source\SDL\src\libm\k_tan.c C:\Users\JimClark\Documents\GitHub\ClimLibSDK\Dependencies\Source\SDL\src\libm\s_atan.c C:\Users\JimClark\Documents\GitHub\ClimLibSDK\Dependencies\Source\SDL\src\libm\s_copysign.c C:\Users\JimClark\Documents\GitHub\ClimLibSDK\Dependencies\Source\SDL\src\libm\s_cos.c C:\Users\JimClark\Documents\GitHub\ClimLibSDK\Dependencies\Source\SDL\src\libm\s_fabs.c C:\Users\JimClark\Documents\GitHub\ClimLibSDK\Dependencies\Source\SDL\src\libm\s_floor.c C:\Users\JimClark\Documents\GitHub\ClimLibSDK\Dependencies\Source\SDL\src\libm\s_scalbn.c C:\Users\JimClark\Documents\GitHub\ClimLibSDK\Dependencies\Source\SDL\src\libm\s_sin.c C:\Users\JimClark\Documents\GitHub\ClimLibSDK\Dependencies\Source\SDL\src\libm\s_tan.c C:\Users\JimClark\Documents\GitHub\ClimLibSDK\Dependencies\Source\SDL\src\render\SDL_d3dmath.c C:\Users\JimClark\Documents\GitHub\ClimLibSDK\Dependencies\Source\SDL\src\render\SDL_render.c C:\Users\JimClark\Documents\GitHub\ClimLibSDK\Dependencies\Source\SDL\src\render\SDL_yuv_mmx.c C:\Users\JimClark\Documents\GitHub\ClimLibSDK\Dependencies\Source\SDL\src\render\SDL_yuv_sw.c C:\Users\JimClark\Documents\GitHub\ClimLibSDK\Dependencies\Source\SDL\src\render\direct3d\SDL_render_d3d.c C:\Users\JimClark\Documents\GitHub\ClimLibSDK\Dependencies\Source\SDL\src\render\direct3d11\SDL_render_d3d11.c C:\Users\JimClark\Documents\GitHub\ClimLibSDK\Dependencies\Source\SDL\src\render\opengl\SDL_render_gl.c C:\Users\JimClark\Documents\GitHub\ClimLibSDK\Dependencies\Source\SDL\src\render\opengl\SDL_shaders_gl.c C:\Users\JimClark\Documents\GitHub\ClimLibSDK\Dependencies\Source\SDL\src\render\opengles\SDL_render_gles.c C:\Users\JimClark\Documents\GitHub\ClimLibSDK\Dependencies\Source\SDL\src\render\opengles2\SDL_render_gles2.c C:\Users\JimClark\Documents\GitHub\ClimLibSDK\Dependencies\Source\SDL\src\render\opengles2\SDL_shaders_gles2.c C:\Users\JimClark\Documents\GitHub\ClimLibSDK\Dependencies\Source\SDL\src\render\psp\SDL_render_psp.c C:\Users\JimClark\Documents\GitHub\ClimLibSDK\Dependencies\Source\SDL\src\render\software\SDL_blendfillrect.c C:\Users\JimClark\Documents\GitHub\ClimLibSDK\Dependencies\Source\SDL\src\render\software\SDL_blendline.c C:\Users\JimClark\Documents\GitHub\ClimLibSDK\Dependencies\Source\SDL\src\render\software\SDL_blendpoint.c C:\Users\JimClark\Documents\GitHub\ClimLibSDK\Dependencies\Source\SDL\src\render\software\SDL_drawline.c C:\Users\JimClark\Documents\GitHub\ClimLibSDK\Dependencies\Source\SDL\src\render\software\SDL_drawpoint.c C:\Users\JimClark\Documents\GitHub\ClimLibSDK\Dependencies\Source\SDL\src\render\software\SDL_render_sw.c C:\Users\JimClark\Documents\GitHub\ClimLibSDK\Dependencies\Source\SDL\src\render\software\SDL_rotate.c C:\Users\JimClark\Documents\GitHub\ClimLibSDK\Dependencies\Source\SDL\src\stdlib\SDL_getenv.c C:\Users\JimClark\Documents\GitHub\ClimLibSDK\Dependencies\Source\SDL\src\stdlib\SDL_iconv.c C:\Users\JimClark\Documents\GitHub\ClimLibSDK\Dependencies\Source\SDL\src\stdlib\SDL_malloc.c C:\Users\JimClark\Documents\GitHub\ClimLibSDK\Dependencies\Source\SDL\src\stdlib\SDL_qsort.c C:\Users\JimClark\Documents\GitHub\ClimLibSDK\Dependencies\Source\SDL\src\stdlib\SDL_stdlib.c C:\Users\JimClark\Documents\GitHub\ClimLibSDK\Dependencies\Source\SDL\src\stdlib\SDL_string.c C:\Users\JimClark\Documents\GitHub\ClimLibSDK\Dependencies\Source\SDL\src\thread\SDL_thread.c C:\Users\JimClark\Documents\GitHub\ClimLibSDK\Dependencies\Source\SDL\src\timer\SDL_timer.c C:\Users\JimClark\Documents\GitHub\ClimLibSDK\Dependencies\Source\SDL\src\video\SDL_blit.c C:\Users\JimClark\Documents\GitHub\ClimLibSDK\Dependencies\Source\SDL\src\video\SDL_blit_0.c C:\Users\JimClark\Documents\GitHub\ClimLibSDK\Dependencies\Source\SDL\src\video\SDL_blit_1.c C:\Users\JimClark\Documents\GitHub\ClimLibSDK\Dependencies\Source\SDL\src\video\SDL_blit_A.c C:\Users\JimClark\Documents\GitHub\ClimLibSDK\Dependencies\Source\SDL\src\video\SDL_blit_auto.c C:\Users\JimClark\Documents\GitHub\ClimLibSDK\Dependencies\Source\SDL\src\video\SDL_blit_copy.c C:\Users\JimClark\Documents\GitHub\ClimLibSDK\Dependencies\Source\SDL\src\video\SDL_blit_N.c C:\Users\JimClark\Documents\GitHub\ClimLibSDK\Dependencies\Source\SDL\src\video\SDL_blit_slow.c C:\Users\JimClark\Documents\GitHub\ClimLibSDK\Dependencies\Source\SDL\src\video\SDL_bmp.c C:\Users\JimClark\Documents\GitHub\ClimLibSDK\Dependencies\Source\SDL\src\video\SDL_clipboard.c C:\Users\JimClark\Documents\GitHub\ClimLibSDK\Dependencies\Source\SDL\src\video\SDL_egl.c C:\Users\JimClark\Documents\GitHub\ClimLibSDK\Dependencies\Source\SDL\src\video\SDL_fillrect.c C:\Users\JimClark\Documents\GitHub\ClimLibSDK\Dependencies\Source\SDL\src\video\SDL_pixels.c C:\Users\JimClark\Documents\GitHub\ClimLibSDK\Dependencies\Source\SDL\src\video\SDL_rect.c C:\Users\JimClark\Documents\GitHub\ClimLibSDK\Dependencies\Source\SDL\src\video\SDL_RLEaccel.c C:\Users\JimClark\Documents\GitHub\ClimLibSDK\Dependencies\Source\SDL\src\video\SDL_shape.c C:\Users\JimClark\Documents\GitHub\ClimLibSDK\Dependencies\Source\SDL\src\video\SDL_stretch.c C:\Users\JimClark\Documents\GitHub\ClimLibSDK\Dependencies\Source\SDL\src\video\SDL_surface.c C:\Users\JimClark\Documents\GitHub\ClimLibSDK\Dependencies\Source\SDL\src\video\SDL_video.c C:\Users\JimClark\Documents\GitHub\ClimLibSDK\Dependencies\Source\SDL\src\joystick\SDL_gamecontroller.c C:\Users\JimClark\Documents\GitHub\ClimLibSDK\Dependencies\Source\SDL\src\joystick\SDL_joystick.c C:\Users\JimClark\Documents\GitHub\ClimLibSDK\Dependencies\Source\SDL\src\haptic\SDL_haptic.c C:\Users\JimClark\Documents\GitHub\ClimLibSDK\Dependencies\Source\SDL\src\power\SDL_power.c C:\Users\JimClark\Documents\GitHub\ClimLibSDK\Dependencies\Source\SDL\src\audio\dummy\SDL_dummyaudio.c C:\Users\JimClark\Documents\GitHub\ClimLibSDK\Dependencies\Source\SDL\src\audio\disk\SDL_diskaudio.c C:\Users\JimClark\Documents\GitHub\ClimLibSDK\Dependencies\Source\SDL\src\video\dummy\SDL_nullevents.c C:\Users\JimClark\Documents\GitHub\ClimLibSDK\Dependencies\Source\SDL\src\video\dummy\SDL_nullframebuffer.c C:\Users\JimClark\Documents\GitHub\ClimLibSDK\Dependencies\Source\SDL\src\video\dummy\SDL_nullvideo.c C:\Users\JimClark\Documents\GitHub\ClimLibSDK\Dependencies\Source\SDL\src\core\windows\SDL_windows.c C:\Users\JimClark\Documents\GitHub\ClimLibSDK\Dependencies\Source\SDL\src\core\windows\SDL_xinput.c C:\Users\JimClark\Documents\GitHub\ClimLibSDK\Dependencies\Source\SDL\src\audio\winmm\SDL_winmm.c C:\Users\JimClark\Documents\GitHub\ClimLibSDK\Dependencies\Source\SDL\src\audio\directsound\SDL_directsound.c C:\Users\JimClark\Documents\GitHub\ClimLibSDK\Dependencies\Source\SDL\src\video\windows\SDL_windowsclipboard.c C:\Users\JimClark\Documents\GitHub\ClimLibSDK\Dependencies\Source\SDL\src\video\windows\SDL_windowsevents.c C:\Users\JimClark\Documents\GitHub\ClimLibSDK\Dependencies\Source\SDL\src\video\windows\SDL_windowsframebuffer.c C:\Users\JimClark\Documents\GitHub\ClimLibSDK\Dependencies\Source\SDL\src\video\windows\SDL_windowskeyboard.c C:\Users\JimClark\Documents\GitHub\ClimLibSDK\Dependencies\Source\SDL\src\video\windows\SDL_windowsmessagebox.c C:\Users\JimClark\Documents\GitHub\ClimLibSDK\Dependencies\Source\SDL\src\video\windows\SDL_windowsmodes.c C:\Users\JimClark\Documents\GitHub\ClimLibSDK\Dependencies\Source\SDL\src\video\windows\SDL_windowsmouse.c C:\Users\JimClark\Documents\GitHub\ClimLibSDK\Dependencies\Source\SDL\src\video\windows\SDL_windowsopengl.c C:\Users\JimClark\Documents\GitHub\ClimLibSDK\Dependencies\Source\SDL\src\video\windows\SDL_windowsopengles.c C:\Users\JimClark\Documents\GitHub\ClimLibSDK\Dependencies\Source\SDL\src\video\windows\SDL_windowsshape.c C:\Users\JimClark\Documents\GitHub\ClimLibSDK\Dependencies\Source\SDL\src\video\windows\SDL_windowsvideo.c C:\Users\JimClark\Documents\GitHub\ClimLibSDK\Dependencies\Source\SDL\src\video\windows\SDL_windowswindow.c C:\Users\JimClark\Documents\GitHub\ClimLibSDK\Dependencies\Source\SDL\src\thread\windows\SDL_sysmutex.c C:\Users\JimClark\Documents\GitHub\ClimLibSDK\Dependencies\Source\SDL\src\thread\windows\SDL_syssem.c C:\Users\JimClark\Documents\GitHub\ClimLibSDK\Dependencies\Source\SDL\src\thread\windows\SDL_systhread.c C:\Users\JimClark\Documents\GitHub\ClimLibSDK\Dependencies\Source\SDL\src\thread\windows\SDL_systls.c C:\Users\JimClark\Documents\GitHub\ClimLibSDK\Dependencies\Source\SDL\src\thread\generic\SDL_syscond.c C:\Users\JimClark\Documents\GitHub\ClimLibSDK\Dependencies\Source\SDL\src\power\windows\SDL_syspower.c C:\Users\JimClark\Documents\GitHub\ClimLibSDK\Dependencies\Source\SDL\src\filesystem\windows\SDL_sysfilesystem.c C:\Users\JimClark\Documents\GitHub\ClimLibSDK\Dependencies\Source\SDL\src\timer\windows\SDL_systimer.c C:\Users\JimClark\Documents\GitHub\ClimLibSDK\Dependencies\Source\SDL\src\loadso\windows\SDL_sysloadso.c C:\Users\JimClark\Documents\GitHub\ClimLibSDK\Dependencies\Source\SDL\src\joystick\windows\SDL_dinputjoystick.c C:\Users\JimClark\Documents\GitHub\ClimLibSDK\Dependencies\Source\SDL\src\joystick\windows\SDL_mmjoystick.c C:\Users\JimClark\Documents\GitHub\ClimLibSDK\Dependencies\Source\SDL\src\joystick\windows\SDL_windowsjoystick.c C:\Users\JimClark\Documents\GitHub\ClimLibSDK\Dependencies\Source\SDL\src\joystick\windows\SDL_xinputjoystick.c C:\Users\JimClark\Documents\GitHub\ClimLibSDK\Dependencies\Source\SDL\src\haptic\windows\SDL_dinputhaptic.c C:\Users\JimClark\Documents\GitHub\ClimLibSDK\Dependencies\Source\SDL\src\haptic\windows\SDL_windowshaptic.c C:\Users\JimClark\Documents\GitHub\ClimLibSDK\Dependencies\Source\SDL\src\haptic\windows\SDL_xinputhaptic.c
         SDL.c
         SDL_assert.c
         SDL_error.c
         SDL_hints.c
         SDL_log.c
         SDL_atomic.c
         SDL_spinlock.c
         SDL_audio.c
         SDL_audiocvt.c
         SDL_audiodev.c
         SDL_audiotypecvt.c
         SDL_mixer.c
         SDL_wave.c
         SDL_cpuinfo.c
         SDL_dynapi.c
         SDL_clipboardevents.c
         SDL_dropevents.c
         SDL_events.c
         SDL_gesture.c
         SDL_keyboard.c
         Generating Code...
         Compiling...
         SDL_mouse.c
         SDL_quit.c
         SDL_touch.c
         SDL_windowevents.c
         SDL_rwops.c
         e_atan2.c
         e_log.c
         e_pow.c
         e_rem_pio2.c
         e_sqrt.c
         k_cos.c
         k_rem_pio2.c
         k_sin.c
         k_tan.c
         s_atan.c
         s_copysign.c
         s_cos.c
         s_fabs.c
         s_floor.c
         s_scalbn.c
         Generating Code...
         Compiling...
         s_sin.c
         s_tan.c
         SDL_d3dmath.c
         SDL_render.c
         SDL_yuv_mmx.c
         SDL_yuv_sw.c
         SDL_render_d3d.c
         SDL_render_d3d11.c
         SDL_render_gl.c
         SDL_shaders_gl.c
         SDL_render_gles.c
         SDL_render_gles2.c
         SDL_shaders_gles2.c
         SDL_render_psp.c
         SDL_blendfillrect.c
         SDL_blendline.c
         SDL_blendpoint.c
         SDL_drawline.c
         SDL_drawpoint.c
         SDL_render_sw.c
         Generating Code...
         Compiling...
         SDL_rotate.c
         SDL_getenv.c
         SDL_iconv.c
         SDL_malloc.c
         SDL_qsort.c
     1>C:\Users\JimClark\Documents\GitHub\ClimLibSDK\Dependencies\Source\SDL\src\stdlib\SDL_qsort.c(416): warning C4018: '>=' : signed/unsigned mismatch
     1>C:\Users\JimClark\Documents\GitHub\ClimLibSDK\Dependencies\Source\SDL\src\stdlib\SDL_qsort.c(421): warning C4018: '>' : signed/unsigned mismatch
     1>C:\Users\JimClark\Documents\GitHub\ClimLibSDK\Dependencies\Source\SDL\src\stdlib\SDL_qsort.c(447): warning C4018: '>=' : signed/unsigned mismatch
     1>C:\Users\JimClark\Documents\GitHub\ClimLibSDK\Dependencies\Source\SDL\src\stdlib\SDL_qsort.c(452): warning C4018: '>' : signed/unsigned mismatch
         SDL_stdlib.c
         SDL_string.c
         SDL_thread.c
         SDL_timer.c
         SDL_blit.c
         SDL_blit_0.c
         SDL_blit_1.c
         SDL_blit_A.c
         SDL_blit_auto.c
         SDL_blit_copy.c
         SDL_blit_N.c
         SDL_blit_slow.c
         SDL_bmp.c
         SDL_clipboard.c
         SDL_egl.c
         Generating Code...
         Compiling...
         SDL_fillrect.c
         SDL_pixels.c
         SDL_rect.c
         SDL_RLEaccel.c
         SDL_shape.c
         SDL_stretch.c
         SDL_surface.c
         SDL_video.c
         SDL_gamecontroller.c
         SDL_joystick.c
         SDL_haptic.c
         SDL_power.c
         SDL_dummyaudio.c
         SDL_diskaudio.c
         SDL_nullevents.c
         SDL_nullframebuffer.c
         SDL_nullvideo.c
         SDL_windows.c
         SDL_xinput.c
         SDL_winmm.c
         Generating Code...
         Compiling...
         SDL_directsound.c
         SDL_windowsclipboard.c
         SDL_windowsevents.c
         SDL_windowsframebuffer.c
         SDL_windowskeyboard.c
     1>C:\Users\JimClark\Documents\GitHub\ClimLibSDK\Dependencies\Source\SDL\src\video\windows\SDL_windowskeyboard.c(417): warning C4996: 'GetVersionExA': was declared deprecated
                 C:\Program Files (x86)\Windows Kits\8.1\Include\um\sysinfoapi.h(433) : see declaration of 'GetVersionExA'
         SDL_windowsmessagebox.c
         SDL_windowsmodes.c
         SDL_windowsmouse.c
         SDL_windowsopengl.c
         SDL_windowsopengles.c
         SDL_windowsshape.c
         SDL_windowsvideo.c
         SDL_windowswindow.c
         SDL_sysmutex.c
         SDL_syssem.c
         SDL_systhread.c
         SDL_systls.c
         SDL_syscond.c
         SDL_syspower.c
         SDL_sysfilesystem.c
         Generating Code...
         Compiling...
         SDL_systimer.c
         SDL_sysloadso.c
         SDL_dinputjoystick.c
         SDL_mmjoystick.c
         SDL_windowsjoystick.c
         SDL_xinputjoystick.c
         SDL_dinputhaptic.c
         SDL_windowshaptic.c
         SDL_xinputhaptic.c
         Generating Code...
       Lib:
         C:\Program Files (x86)\Microsoft Visual Studio 12.0\VC\bin\Lib.exe /OUT:"C:\Users\JimClark\Documents\GitHub\ClimLibSDK\Dependencies\Source\SDL\build\Debug\SDL2.lib" /NOLOGO /NODEFAULTLIB "SDL2-static.dir\Debug\SDL.obj"
         "SDL2-static.dir\Debug\SDL_assert.obj"
         "SDL2-static.dir\Debug\SDL_error.obj"
         "SDL2-static.dir\Debug\SDL_hints.obj"
         "SDL2-static.dir\Debug\SDL_log.obj"
         "SDL2-static.dir\Debug\SDL_atomic.obj"
         "SDL2-static.dir\Debug\SDL_spinlock.obj"
         "SDL2-static.dir\Debug\SDL_audio.obj"
         "SDL2-static.dir\Debug\SDL_audiocvt.obj"
         "SDL2-static.dir\Debug\SDL_audiodev.obj"
         "SDL2-static.dir\Debug\SDL_audiotypecvt.obj"
         "SDL2-static.dir\Debug\SDL_mixer.obj"
         "SDL2-static.dir\Debug\SDL_wave.obj"
         "SDL2-static.dir\Debug\SDL_cpuinfo.obj"
         "SDL2-static.dir\Debug\SDL_dynapi.obj"
         "SDL2-static.dir\Debug\SDL_clipboardevents.obj"
         "SDL2-static.dir\Debug\SDL_dropevents.obj"
         "SDL2-static.dir\Debug\SDL_events.obj"
         "SDL2-static.dir\Debug\SDL_gesture.obj"
         "SDL2-static.dir\Debug\SDL_keyboard.obj"
         "SDL2-static.dir\Debug\SDL_mouse.obj"
         "SDL2-static.dir\Debug\SDL_quit.obj"
         "SDL2-static.dir\Debug\SDL_touch.obj"
         "SDL2-static.dir\Debug\SDL_windowevents.obj"
         "SDL2-static.dir\Debug\SDL_rwops.obj"
         "SDL2-static.dir\Debug\e_atan2.obj"
         "SDL2-static.dir\Debug\e_log.obj"
         "SDL2-static.dir\Debug\e_pow.obj"
         "SDL2-static.dir\Debug\e_rem_pio2.obj"
         "SDL2-static.dir\Debug\e_sqrt.obj"
         "SDL2-static.dir\Debug\k_cos.obj"
         "SDL2-static.dir\Debug\k_rem_pio2.obj"
         "SDL2-static.dir\Debug\k_sin.obj"
         "SDL2-static.dir\Debug\k_tan.obj"
         "SDL2-static.dir\Debug\s_atan.obj"
         "SDL2-static.dir\Debug\s_copysign.obj"
         "SDL2-static.dir\Debug\s_cos.obj"
         "SDL2-static.dir\Debug\s_fabs.obj"
         "SDL2-static.dir\Debug\s_floor.obj"
         "SDL2-static.dir\Debug\s_scalbn.obj"
         "SDL2-static.dir\Debug\s_sin.obj"
         "SDL2-static.dir\Debug\s_tan.obj"
         "SDL2-static.dir\Debug\SDL_d3dmath.obj"
         "SDL2-static.dir\Debug\SDL_render.obj"
         "SDL2-static.dir\Debug\SDL_yuv_mmx.obj"
         "SDL2-static.dir\Debug\SDL_yuv_sw.obj"
         "SDL2-static.dir\Debug\SDL_render_d3d.obj"
         "SDL2-static.dir\Debug\SDL_render_d3d11.obj"
         "SDL2-static.dir\Debug\SDL_render_gl.obj"
         "SDL2-static.dir\Debug\SDL_shaders_gl.obj"
         "SDL2-static.dir\Debug\SDL_render_gles.obj"
         "SDL2-static.dir\Debug\SDL_render_gles2.obj"
         "SDL2-static.dir\Debug\SDL_shaders_gles2.obj"
         "SDL2-static.dir\Debug\SDL_render_psp.obj"
         "SDL2-static.dir\Debug\SDL_blendfillrect.obj"
         "SDL2-static.dir\Debug\SDL_blendline.obj"
         "SDL2-static.dir\Debug\SDL_blendpoint.obj"
         "SDL2-static.dir\Debug\SDL_drawline.obj"
         "SDL2-static.dir\Debug\SDL_drawpoint.obj"
         "SDL2-static.dir\Debug\SDL_render_sw.obj"
         "SDL2-static.dir\Debug\SDL_rotate.obj"
         "SDL2-static.dir\Debug\SDL_getenv.obj"
         "SDL2-static.dir\Debug\SDL_iconv.obj"
         "SDL2-static.dir\Debug\SDL_malloc.obj"
         "SDL2-static.dir\Debug\SDL_qsort.obj"
         "SDL2-static.dir\Debug\SDL_stdlib.obj"
         "SDL2-static.dir\Debug\SDL_string.obj"
         "SDL2-static.dir\Debug\SDL_thread.obj"
         "SDL2-static.dir\Debug\SDL_timer.obj"
         "SDL2-static.dir\Debug\SDL_blit.obj"
         "SDL2-static.dir\Debug\SDL_blit_0.obj"
         "SDL2-static.dir\Debug\SDL_blit_1.obj"
         "SDL2-static.dir\Debug\SDL_blit_A.obj"
         "SDL2-static.dir\Debug\SDL_blit_auto.obj"
         "SDL2-static.dir\Debug\SDL_blit_copy.obj"
         "SDL2-static.dir\Debug\SDL_blit_N.obj"
         "SDL2-static.dir\Debug\SDL_blit_slow.obj"
         "SDL2-static.dir\Debug\SDL_bmp.obj"
         "SDL2-static.dir\Debug\SDL_clipboard.obj"
         "SDL2-static.dir\Debug\SDL_egl.obj"
         "SDL2-static.dir\Debug\SDL_fillrect.obj"
         "SDL2-static.dir\Debug\SDL_pixels.obj"
         "SDL2-static.dir\Debug\SDL_rect.obj"
         "SDL2-static.dir\Debug\SDL_RLEaccel.obj"
         "SDL2-static.dir\Debug\SDL_shape.obj"
         "SDL2-static.dir\Debug\SDL_stretch.obj"
         "SDL2-static.dir\Debug\SDL_surface.obj"
         "SDL2-static.dir\Debug\SDL_video.obj"
         "SDL2-static.dir\Debug\SDL_gamecontroller.obj"
         "SDL2-static.dir\Debug\SDL_joystick.obj"
         "SDL2-static.dir\Debug\SDL_haptic.obj"
         "SDL2-static.dir\Debug\SDL_power.obj"
         "SDL2-static.dir\Debug\SDL_dummyaudio.obj"
         "SDL2-static.dir\Debug\SDL_diskaudio.obj"
         "SDL2-static.dir\Debug\SDL_nullevents.obj"
         "SDL2-static.dir\Debug\SDL_nullframebuffer.obj"
         "SDL2-static.dir\Debug\SDL_nullvideo.obj"
         "SDL2-static.dir\Debug\SDL_windows.obj"
         "SDL2-static.dir\Debug\SDL_xinput.obj"
         "SDL2-static.dir\Debug\SDL_winmm.obj"
         "SDL2-static.dir\Debug\SDL_directsound.obj"
         "SDL2-static.dir\Debug\SDL_windowsclipboard.obj"
         "SDL2-static.dir\Debug\SDL_windowsevents.obj"
         "SDL2-static.dir\Debug\SDL_windowsframebuffer.obj"
         "SDL2-static.dir\Debug\SDL_windowskeyboard.obj"
         "SDL2-static.dir\Debug\SDL_windowsmessagebox.obj"
         "SDL2-static.dir\Debug\SDL_windowsmodes.obj"
         "SDL2-static.dir\Debug\SDL_windowsmouse.obj"
         "SDL2-static.dir\Debug\SDL_windowsopengl.obj"
         "SDL2-static.dir\Debug\SDL_windowsopengles.obj"
         "SDL2-static.dir\Debug\SDL_windowsshape.obj"
         "SDL2-static.dir\Debug\SDL_windowsvideo.obj"
         "SDL2-static.dir\Debug\SDL_windowswindow.obj"
         "SDL2-static.dir\Debug\SDL_sysmutex.obj"
         "SDL2-static.dir\Debug\SDL_syssem.obj"
         "SDL2-static.dir\Debug\SDL_systhread.obj"
         "SDL2-static.dir\Debug\SDL_systls.obj"
         "SDL2-static.dir\Debug\SDL_syscond.obj"
         "SDL2-static.dir\Debug\SDL_syspower.obj"
         "SDL2-static.dir\Debug\SDL_sysfilesystem.obj"
         "SDL2-static.dir\Debug\SDL_systimer.obj"
         "SDL2-static.dir\Debug\SDL_sysloadso.obj"
         "SDL2-static.dir\Debug\SDL_dinputjoystick.obj"
         "SDL2-static.dir\Debug\SDL_mmjoystick.obj"
         "SDL2-static.dir\Debug\SDL_windowsjoystick.obj"
         "SDL2-static.dir\Debug\SDL_xinputjoystick.obj"
         "SDL2-static.dir\Debug\SDL_dinputhaptic.obj"
         "SDL2-static.dir\Debug\SDL_windowshaptic.obj"
         "SDL2-static.dir\Debug\SDL_xinputhaptic.obj"
         SDL2-static.vcxproj -> C:\Users\JimClark\Documents\GitHub\ClimLibSDK\Dependencies\Source\SDL\build\Debug\SDL2.lib
     1>Done Building Project "c:\Users\JimClark\Documents\GitHub\ClimLibSDK\Dependencies\Source\SDL\build\SDL2-static.vcxproj" (Build target(s)).

Build succeeded.

Time Elapsed 00:00:29.02
