c:\users\jimclark\documents\github\climlibsdk\dependencies\source\sdl_image\visualc\win32\debug\libjpeg-9.dll
c:\users\jimclark\documents\github\climlibsdk\dependencies\source\sdl_image\visualc\win32\debug\libpng16-16.dll
c:\users\jimclark\documents\github\climlibsdk\dependencies\source\sdl_image\visualc\win32\debug\libtiff-5.dll
c:\users\jimclark\documents\github\climlibsdk\dependencies\source\sdl_image\visualc\win32\debug\libwebp-4.dll
c:\users\jimclark\documents\github\climlibsdk\dependencies\source\sdl_image\visualc\win32\debug\license.jpeg.txt
c:\users\jimclark\documents\github\climlibsdk\dependencies\source\sdl_image\visualc\win32\debug\license.png.txt
c:\users\jimclark\documents\github\climlibsdk\dependencies\source\sdl_image\visualc\win32\debug\license.tiff.txt
c:\users\jimclark\documents\github\climlibsdk\dependencies\source\sdl_image\visualc\win32\debug\license.webp.txt
c:\users\jimclark\documents\github\climlibsdk\dependencies\source\sdl_image\visualc\win32\debug\license.zlib.txt
c:\users\jimclark\documents\github\climlibsdk\dependencies\source\sdl_image\visualc\win32\debug\zlib1.dll
c:\users\jimclark\documents\github\climlibsdk\dependencies\source\sdl_image\visualc\win32\debug\sdl2_image.ilk
c:\users\jimclark\documents\github\climlibsdk\dependencies\source\sdl_image\visualc\win32\debug\sdl2_image.dll
c:\users\jimclark\documents\github\climlibsdk\dependencies\source\sdl_image\visualc\win32\debug\sdl2_image.pdb
c:\users\jimclark\documents\github\climlibsdk\dependencies\source\sdl_image\visualc\win32\debug\version.res
c:\users\jimclark\documents\github\climlibsdk\dependencies\source\sdl_image\visualc\win32\debug\sdl2_image.lib
c:\users\jimclark\documents\github\climlibsdk\dependencies\source\sdl_image\visualc\win32\debug\sdl2_image.exp
c:\users\jimclark\documents\github\climlibsdk\dependencies\source\sdl_image\visualc\\win32\debug\sdl2_image.pdb
c:\users\jimclark\documents\github\climlibsdk\dependencies\source\sdl_image\visualc\\win32\debug\sdl2_image.dll
c:\users\jimclark\documents\github\climlibsdk\dependencies\source\sdl_image\visualc\\win32\debug\sdl2_image.ilk
c:\users\jimclark\documents\github\climlibsdk\dependencies\source\sdl_image\visualc\win32\debug\sdl2_image.tlog\cl.command.1.tlog
c:\users\jimclark\documents\github\climlibsdk\dependencies\source\sdl_image\visualc\win32\debug\sdl2_image.tlog\custombuild.command.1.tlog
c:\users\jimclark\documents\github\climlibsdk\dependencies\source\sdl_image\visualc\win32\debug\sdl2_image.tlog\custombuild.read.1.tlog
c:\users\jimclark\documents\github\climlibsdk\dependencies\source\sdl_image\visualc\win32\debug\sdl2_image.tlog\custombuild.write.1.tlog
c:\users\jimclark\documents\github\climlibsdk\dependencies\source\sdl_image\visualc\win32\debug\sdl2_image.tlog\link.command.1.tlog
c:\users\jimclark\documents\github\climlibsdk\dependencies\source\sdl_image\visualc\win32\debug\sdl2_image.tlog\link.read.1.tlog
c:\users\jimclark\documents\github\climlibsdk\dependencies\source\sdl_image\visualc\win32\debug\sdl2_image.tlog\link.write.1.tlog
c:\users\jimclark\documents\github\climlibsdk\dependencies\source\sdl_image\visualc\win32\debug\sdl2_image.tlog\rc.command.1.tlog
c:\users\jimclark\documents\github\climlibsdk\dependencies\source\sdl_image\visualc\win32\debug\sdl2_image.tlog\rc.read.1.tlog
c:\users\jimclark\documents\github\climlibsdk\dependencies\source\sdl_image\visualc\win32\debug\sdl2_image.tlog\rc.write.1.tlog
c:\users\jimclark\documents\github\climlibsdk\dependencies\source\sdl_image\visualc\win32\debug\sdl2_image.tlog\sdl2_image.write.1u.tlog
