This file contains any messages produced by compilers while
running configure, to aid debugging if configure makes a mistake.

It was created by configure, which was
generated by GNU Autoconf 2.69.  Invocation command line was

  $ ./configure CPPFLAGS=-I/somewhere/include LDFLAGS=-L/somewhere/lib

## --------- ##
## Platform. ##
## --------- ##

hostname = JimClark-PC
uname -m = i686
uname -r = 1.0.18(0.48/3/2)
uname -s = MINGW32_NT-6.1
uname -v = 2012-11-21 22:34

/usr/bin/uname -p = unknown
/bin/uname -X     = unknown

/bin/arch              = unknown
/usr/bin/arch -k       = unknown
/usr/convex/getsysinfo = unknown
/usr/bin/hostinfo      = unknown
/bin/machine           = unknown
/usr/bin/oslevel       = unknown
/bin/universe          = unknown

PATH: /c/VulkanSDK/1.0.3.1/Bin
PATH: /c/VulkanSDK/1.0.3.1/Bin32
PATH: /c/MinGW/bin
PATH: /c/Program Files/NVIDIA GPU Computing Toolkit/CUDA/v7.0/bin
PATH: /c/Program Files/NVIDIA GPU Computing Toolkit/CUDA/v7.0/libnvvp
PATH: /c/Program Files (x86)/ActiveState Komodo Edit 8/
PATH: /c/ProgramData/Oracle/Java/javapath
PATH: /c/Windows/system32
PATH: /c/Windows
PATH: /c/Windows/System32/Wbem
PATH: /c/Windows/System32/WindowsPowerShell/v1.0/
PATH: /c/Program Files/Microsoft Windows Performance Toolkit/
PATH: /c/Program Files (x86)/GNU/GnuPG/pub
PATH: /c/Program Files (x86)/MySQL/MySQL Utilities 1.4.3/
PATH: /c/Program Files (x86)/MySQL/MySQL Utilities 1.4.3/Doctrine extensions for PHP/
PATH: /c/Program Files (x86)/SMLNJ/bin/
PATH: /c/Program Files/7-Zip
PATH: /c/Program Files (x86)/GtkSharp/2.12/bin
PATH: /c/Program Files/Microsoft SQL Server/110/Tools/Binn/
PATH: /c/Program Files (x86)/Microsoft SDKs/TypeScript/1.0/
PATH: /c/Program Files/Microsoft SQL Server/120/Tools/Binn/
PATH: /c/Windows/System32/WindowsPowerShell/v1.0/
PATH: /c/Program Files (x86)/Shoes
PATH: /c/Program Files (x86)/Common Files/lenovo/easyplussdk/bin
PATH: /c/Program Files (x86)/Windows Kits/8.1/Windows Performance Toolkit/
PATH: /c/WINDOWS/system32
PATH: /c/WINDOWS
PATH: /c/Program Files (x86)/NVIDIA Corporation/PhysX/Common
PATH: /c/Program Files/Microsoft/Web Platform Installer/
PATH: /c/Program Files/doxygen/bin
PATH: /c/Program Files/Mozart/bin
PATH: /c/Program Files/SlikSvn/bin
PATH: /c/Program Files/TortoiseSVN/bin
PATH: /c/HaxeToolkit/haxe/
PATH: /c/HaxeToolkit/neko
PATH: /c/Program Files (x86)/Skype/Phone/
PATH: /c/Program Files/Git/cmd
PATH: /c/Program Files (x86)/QuickTime/QTSystem/
PATH: /c/Program Files/Paradigma Software/vcomponents_win_vc
PATH: /c/Strawberry/c/bin
PATH: /c/Strawberry/perl/site/bin
PATH: /c/Strawberry/perl/bin
PATH: /c/Program Files/TortoiseHg/
PATH: /c/Program Files (x86)/Microsoft Visual Studio 12.0/VC/bin
PATH: /c/Program Files (x86)/Microsoft Visual Studio 12.0/Common7/IDE
PATH: /c/Tcl/bin
PATH: /c/Ruby193/bin
PATH: /c/Ruby21-x64/bin
PATH: /c/ProgramData/chocolatey/bin
PATH: /c/Users/JimClark/Downloads/exercism-windows-64bit
PATH: /c/Program Files (x86)/CMake/bin
PATH: /usr/bin/
PATH: /c/MinGW/bin/
PATH: /c/WINDOWS/system32
PATH:  C
PATH: /WINDOWS
PATH: /c/Windows/SysWOW64
PATH: /c/Program Files (x86)/Microsoft Visual Studio 12.0/VC/bin
PATH: /c/VulkanSDK/1.0.3.1/Bin
PATH: /c/VulkanSDK/1.0.3.1/Bin32
PATH: /c/MinGW/bin
PATH: /c/Program Files/NVIDIA GPU Computing Toolkit/CUDA/v7.0/bin
PATH: /c/Program Files/NVIDIA GPU Computing Toolkit/CUDA/v7.0/libnvvp
PATH: /c/Program Files (x86)/ActiveState Komodo Edit 8/
PATH: /c/ProgramData/Oracle/Java/javapath
PATH: /c/Windows/system32
PATH: /c/Windows
PATH: /c/Windows/System32/Wbem
PATH: /c/Windows/System32/WindowsPowerShell/v1.0/
PATH: /c/Program Files/Microsoft Windows Performance Toolkit/
PATH: /c/Program Files (x86)/GNU/GnuPG/pub
PATH: /c/Program Files (x86)/MySQL/MySQL Utilities 1.4.3/
PATH: /c/Program Files (x86)/MySQL/MySQL Utilities 1.4.3/Doctrine extensions for PHP/
PATH: /c/Program Files (x86)/SMLNJ/bin/
PATH: /c/Program Files/7-Zip
PATH: /c/Program Files (x86)/GtkSharp/2.12/bin
PATH: /c/Program Files/Microsoft SQL Server/110/Tools/Binn/
PATH: /c/Program Files (x86)/Microsoft SDKs/TypeScript/1.0/
PATH: /c/Program Files/Microsoft SQL Server/120/Tools/Binn/
PATH: /c/Windows/System32/WindowsPowerShell/v1.0/
PATH: /c/Program Files (x86)/Shoes
PATH: /c/Program Files (x86)/Common Files/lenovo/easyplussdk/bin
PATH: /c/Program Files (x86)/Windows Kits/8.1/Windows Performance Toolkit/
PATH: /c/WINDOWS/system32
PATH: /c/WINDOWS
PATH: /c/Program Files (x86)/NVIDIA Corporation/PhysX/Common
PATH: /c/Program Files/Microsoft/Web Platform Installer/
PATH: /c/Program Files/doxygen/bin
PATH: /c/Program Files/Mozart/bin
PATH: /c/Program Files/SlikSvn/bin
PATH: /c/Program Files/TortoiseSVN/bin
PATH: /c/HaxeToolkit/haxe/
PATH: /c/HaxeToolkit/neko
PATH: /c/Program Files (x86)/Skype/Phone/
PATH: /c/Program Files/Git/cmd
PATH: /c/Program Files (x86)/QuickTime/QTSystem/
PATH: /c/Program Files/Paradigma Software/vcomponents_win_vc
PATH: /c/Strawberry/c/bin
PATH: /c/Strawberry/perl/site/bin
PATH: /c/Strawberry/perl/bin
PATH: /c/Program Files/TortoiseHg/
PATH: /c/Program Files (x86)/Microsoft Visual Studio 12.0/VC/bin
PATH: /c/Program Files (x86)/Microsoft Visual Studio 12.0/Common7/IDE


## ----------- ##
## Core tests. ##
## ----------- ##

configure:2547: checking build system type
configure:2561: result: i686-pc-mingw32
configure:2581: checking host system type
configure:2594: result: i686-pc-mingw32
configure:2662: checking for gcc
configure:2678: found /c/MinGW/bin/gcc
configure:2689: result: gcc
configure:2918: checking for C compiler version
configure:2927: gcc --version >&5
gcc.exe (GCC) 4.9.3
Copyright (C) 2015 Free Software Foundation, Inc.
This is free software; see the source for copying conditions.  There is NO
warranty; not even for MERCHANTABILITY or FITNESS FOR A PARTICULAR PURPOSE.

configure:2938: $? = 0
configure:2927: gcc -v >&5
Using built-in specs.
COLLECT_GCC=c:\MinGW\bin\gcc.exe
COLLECT_LTO_WRAPPER=c:/mingw/bin/../libexec/gcc/mingw32/4.9.3/lto-wrapper.exe
Target: mingw32
Configured with: ../src/gcc-4.9.3/configure --build=x86_64-pc-linux-gnu --host=mingw32 --prefix=/mingw --disable-win32-registry --target=mingw32 --with-arch=i586 --enable-languages=c,c++,objc,obj-c++,fortran,ada --enable-static --enable-shared --enable-threads --with-dwarf2 --disable-sjlj-exceptions --enable-version-specific-runtime-libs --enable-libstdcxx-debug --with-tune=generic --enable-nls
Thread model: win32
gcc version 4.9.3 (GCC) 
configure:2938: $? = 0
configure:2927: gcc -V >&5
gcc.exe: error: unrecognized command line option '-V'
gcc.exe: fatal error: no input files
compilation terminated.
configure:2938: $? = 1
configure:2927: gcc -qversion >&5
gcc.exe: error: unrecognized command line option '-qversion'
gcc.exe: fatal error: no input files
compilation terminated.
configure:2938: $? = 1
configure:2958: checking whether the C compiler works
configure:2980: gcc  -I/somewhere/include -L/somewhere/lib conftest.c  >&5

## ---------------- ##
## Cache variables. ##
## ---------------- ##

ac_cv_build=i686-pc-mingw32
ac_cv_env_build_alias_set=
ac_cv_env_build_alias_value=
ac_cv_env_CC_set=
ac_cv_env_CC_value=
ac_cv_env_CFLAGS_set=
ac_cv_env_CFLAGS_value=
ac_cv_env_CPP_set=
ac_cv_env_CPP_value=
ac_cv_env_CPPFLAGS_set=set
ac_cv_env_CPPFLAGS_value=-I/somewhere/include
ac_cv_env_host_alias_set=
ac_cv_env_host_alias_value=
ac_cv_env_LDFLAGS_set=set
ac_cv_env_LDFLAGS_value=-L/somewhere/lib
ac_cv_env_LIBPNG_CFLAGS_set=
ac_cv_env_LIBPNG_CFLAGS_value=
ac_cv_env_LIBPNG_LIBS_set=
ac_cv_env_LIBPNG_LIBS_value=
ac_cv_env_LIBS_set=
ac_cv_env_LIBS_value=
ac_cv_env_LIBWEBP_CFLAGS_set=
ac_cv_env_LIBWEBP_CFLAGS_value=
ac_cv_env_LIBWEBP_LIBS_set=
ac_cv_env_LIBWEBP_LIBS_value=
ac_cv_env_OBJC_set=
ac_cv_env_OBJC_value=
ac_cv_env_OBJCFLAGS_set=
ac_cv_env_OBJCFLAGS_value=
ac_cv_env_PKG_CONFIG_set=
ac_cv_env_PKG_CONFIG_value=
ac_cv_env_SDL_CFLAGS_set=
ac_cv_env_SDL_CFLAGS_value=
ac_cv_env_SDL_LIBS_set=
ac_cv_env_SDL_LIBS_value=
ac_cv_env_target_alias_set=
ac_cv_env_target_alias_value=
ac_cv_host=i686-pc-mingw32
ac_cv_prog_ac_ct_CC=gcc

## ----------------- ##
## Output variables. ##
## ----------------- ##

ac_ct_CC='gcc'
ac_ct_DUMPBIN=''
ac_ct_OBJC=''
ACLOCAL=''
am__EXEEXT_FALSE=''
am__EXEEXT_TRUE=''
am__fastdepCC_FALSE=''
am__fastdepCC_TRUE=''
am__fastdepOBJC_FALSE=''
am__fastdepOBJC_TRUE=''
am__include=''
am__isrc=''
am__leading_dot=''
am__nodep=''
am__quote=''
am__tar=''
am__untar=''
AM_BACKSLASH=''
AM_DEFAULT_V=''
AM_DEFAULT_VERBOSITY=''
AM_V=''
AMDEP_FALSE=''
AMDEP_TRUE=''
AMDEPBACKSLASH=''
AMTAR=''
AR=''
AS=''
AUTOCONF=''
AUTOHEADER=''
AUTOMAKE=''
AWK=''
BINARY_AGE='1'
bindir='${exec_prefix}/bin'
build_alias=''
build_cpu='i686'
build_os='mingw32'
build_vendor='pc'
build='i686-pc-mingw32'
CC='gcc'
CCDEPMODE=''
CFLAGS=''
CPP=''
CPPFLAGS='-I/somewhere/include'
CYGPATH_W=''
datadir='${datarootdir}'
datarootdir='${prefix}/share'
DEFS=''
DEPDIR=''
DLLTOOL=''
docdir='${datarootdir}/doc/${PACKAGE}'
DSYMUTIL=''
DUMPBIN=''
dvidir='${docdir}'
ECHO_C=''
ECHO_N='-n'
ECHO_T=''
EGREP=''
exec_prefix='NONE'
EXEEXT=''
FGREP=''
GREP=''
host_alias=''
host_cpu='i686'
host_os='mingw32'
host_vendor='pc'
host='i686-pc-mingw32'
htmldir='${docdir}'
IMG_LIBS=''
includedir='${prefix}/include'
infodir='${datarootdir}/info'
INSTALL_DATA=''
INSTALL_PROGRAM=''
INSTALL_SCRIPT=''
install_sh=''
INSTALL_STRIP_PROGRAM=''
INTERFACE_AGE='1'
LD=''
LDFLAGS='-L/somewhere/lib'
libdir='${exec_prefix}/lib'
libexecdir='${exec_prefix}/libexec'
LIBOBJS=''
LIBPNG_CFLAGS=''
LIBPNG_LIBS=''
LIBS=''
LIBTOOL=''
LIBWEBP_CFLAGS=''
LIBWEBP_LIBS=''
LIPO=''
LN_S=''
localedir='${datarootdir}/locale'
localstatedir='${prefix}/var'
LT_AGE=''
LT_CURRENT=''
lt_ECHO='echo'
LT_RELEASE=''
LT_REVISION=''
LTLIBOBJS=''
MAJOR_VERSION='2'
MAKEINFO=''
mandir='${datarootdir}/man'
MICRO_VERSION='1'
MINOR_VERSION='0'
MKDIR_P=''
mkdir_p=''
NM=''
NMEDIT=''
OBJC=''
OBJCDEPMODE=''
OBJCFLAGS=''
OBJDUMP=''
OBJEXT=''
oldincludedir='/usr/include'
OTOOL=''
OTOOL64=''
PACKAGE_BUGREPORT=''
PACKAGE_NAME=''
PACKAGE_STRING=''
PACKAGE_TARNAME=''
PACKAGE_URL=''
PACKAGE_VERSION=''
PACKAGE=''
PATH_SEPARATOR=':'
pdfdir='${docdir}'
PKG_CONFIG=''
prefix='NONE'
program_transform_name='s,x,x,'
psdir='${docdir}'
RANLIB=''
sbindir='${exec_prefix}/sbin'
SDL_CFLAGS=''
SDL_LIBS=''
SDL_VERSION=''
SDL2_CONFIG=''
SED=''
SET_MAKE=''
sharedstatedir='${prefix}/com'
SHELL='/bin/sh'
STRIP=''
sysconfdir='${prefix}/etc'
target_alias=''
USE_IMAGEIO_FALSE=''
USE_IMAGEIO_TRUE=''
USE_VERSION_RC_FALSE=''
USE_VERSION_RC_TRUE=''
VERSION='2.0.1'
WINDRES=''

## ----------- ##
## confdefs.h. ##
## ----------- ##

/* confdefs.h */
#define PACKAGE_NAME ""
#define PACKAGE_TARNAME ""
#define PACKAGE_VERSION ""
#define PACKAGE_STRING ""
#define PACKAGE_BUGREPORT ""
#define PACKAGE_URL ""

configure: caught signal 2
configure: exit 1
